(turn: 1)
Client: <Id: 1 Name: Rafa Nadal Age: 32 City: Manacor>
  -Product: <Id: 1 Name: Nintendo Switch Stock level: 4 Min Quantity: 2 Price: 300.0>
  -Product: <Id: 2 Name: Xbox One Stock level: 5 Min Quantity: 2 Price: 220.0>
The order is done and these products need to be replenished
  -Product: <Id: 1 Name: Nintendo Switch Stock level: 2 Min Quantity: 2 Price: 300.0>
  -Product: <Id: 2 Name: Xbox One Stock level: 2 Min Quantity: 2 Price: 220.0>
(turn: 2)
Client: <Id: 2 Name: Carolina Marin Age: 25 City: Huelva>
  -Product: <Id: 1 Name: Nintendo Switch Stock level: 2 Min Quantity: 2 Price: 300.0>
   ~Comment: <ClientName: Rafa Nadal Text: Bad product Score: 1>
  -Product: <Id: 8 Name: Barbecue Stock level: 2 Min Quantity: 1 Price: 80.0 HomePart: garden NumberOfLikes: 0>
  -Product: <Id: 7 Name: Lamp Stock level: 5 Min Quantity: 2 Price: 17.0 HomePart: livingroom NumberOfLikes: 0>
  -Product: <Id: 20 Name: Milk Stock level: 100 Min Quantity: 50 Price: 0.6 ExpirationMonth: December>
The order is done and these products need to be replenished
  -Product: <Id: 1 Name: Nintendo Switch Stock level: 2 Min Quantity: 2 Price: 300.0>
(turn: 3)
Client: <Id: 3 Name: Jose Manuel Calderon Age: 37 City: Villanueva de la Serena>
  -Product: <Id: 1 Name: Nintendo Switch Stock level: 2 Min Quantity: 2 Price: 300.0>
   ~Comment: <ClientName: Rafa Nadal Text: Bad product Score: 1>
   ~Comment: <ClientName: Carolina Marin Text: I really like this product Score: 4>
  -Product: <Id: 8 Name: Barbecue Stock level: 1 Min Quantity: 1 Price: 80.0 HomePart: garden NumberOfLikes: 1>
   ~Comment: <ClientName: Carolina Marin Text: I really like this product Score: 4>
The order is done and these products need to be replenished
  -Product: <Id: 1 Name: Nintendo Switch Stock level: 2 Min Quantity: 2 Price: 300.0>
  -Product: <Id: 8 Name: Barbecue Stock level: 1 Min Quantity: 1 Price: 80.0 HomePart: garden NumberOfLikes: 2>
(turn: 4)
Client: <Id: 4 Name: Laia Palau Age: 39 City: Barcelona>
  -Product: <Id: 1 Name: Nintendo Switch Stock level: 2 Min Quantity: 2 Price: 300.0>
   ~Comment: <ClientName: Rafa Nadal Text: Bad product Score: 1>
   ~Comment: <ClientName: Carolina Marin Text: I really like this product Score: 4>
   ~Comment: <ClientName: Jose Manuel Calderon Text: Bad product Score: 1>
The order is done and these products need to be replenished
  -Product: <Id: 1 Name: Nintendo Switch Stock level: 2 Min Quantity: 2 Price: 300.0>
(turn: 5)
Client: <Id: 5 Name: Javier Guerra Age: 35 City: Segovia>
  -Product: <Id: 8 Name: Barbecue Stock level: 1 Min Quantity: 1 Price: 80.0 HomePart: garden NumberOfLikes: 2>
   ~Comment: <ClientName: Jose Manuel Calderon Text: Very good product Score: 4>
   ~Comment: <ClientName: Carolina Marin Text: I really like this product Score: 4>
The order is done and these products need to be replenished
  -Product: <Id: 8 Name: Barbecue Stock level: 1 Min Quantity: 1 Price: 80.0 HomePart: garden NumberOfLikes: 3>
(turn: 6)
Client: <Id: 6 Name: Ana Peleteiro Age: 22 City: Riveira>
  -Product: <Id: 9 Name: Towel Stock level: 10 Min Quantity: 5 Price: 9.0 HomePart: bathroom NumberOfLikes: 0>
  -Product: <Id: 20 Name: Milk Stock level: 99 Min Quantity: 50 Price: 0.6 ExpirationMonth: December>
  -Product: <Id: 2 Name: Xbox One Stock level: 2 Min Quantity: 2 Price: 220.0>
   ~Comment: <ClientName: Rafa Nadal Text: Very good product Score: 4>
  -Product: <Id: 19 Name: Coffee Stock level: 150 Min Quantity: 100 Price: 1.0 ExpirationMonth: November>
  -Product: <Id: 8 Name: Barbecue Stock level: 1 Min Quantity: 1 Price: 80.0 HomePart: garden NumberOfLikes: 3>
   ~Comment: <ClientName: Jose Manuel Calderon Text: Very good product Score: 4>
   ~Comment: <ClientName: Carolina Marin Text: I really like this product Score: 4>
   ~Comment: <ClientName: Javier Guerra Text: I really like this product Score: 4>
  -Product: <Id: 18 Name: Bread Stock level: 50 Min Quantity: 25 Price: 1.2 ExpirationMonth: December>
The order is done and these products need to be replenished
  -Product: <Id: 2 Name: Xbox One Stock level: 2 Min Quantity: 2 Price: 220.0>
  -Product: <Id: 8 Name: Barbecue Stock level: 1 Min Quantity: 1 Price: 80.0 HomePart: garden NumberOfLikes: 4>

 At the end of simulation

SoldProduct: Id: 8 Name: Barbecue Stock level: 1 Min Quantity: 1 Price: 80.0 HomePart: garden NumberOfLikes: 4
  ~Comment: <ClientName: Jose Manuel Calderon Text: Very good product Score: 4>
  ~Comment: <ClientName: Ana Peleteiro Text: I really like this product Score: 4>
  ~Comment: <ClientName: Carolina Marin Text: I really like this product Score: 4>
  ~Comment: <ClientName: Javier Guerra Text: I really like this product Score: 4>

SoldProduct: Id: 18 Name: Bread Stock level: 49 Min Quantity: 25 Price: 1.2 ExpirationMonth: December

SoldProduct: Id: 1 Name: Nintendo Switch Stock level: 2 Min Quantity: 2 Price: 300.0
  ~Comment: <ClientName: Laia Palau Text: Bad product Score: 1>
  ~Comment: <ClientName: Rafa Nadal Text: Bad product Score: 1>
  ~Comment: <ClientName: Carolina Marin Text: I really like this product Score: 4>
  ~Comment: <ClientName: Jose Manuel Calderon Text: Bad product Score: 1>

SoldProduct: Id: 2 Name: Xbox One Stock level: 2 Min Quantity: 2 Price: 220.0
  ~Comment: <ClientName: Ana Peleteiro Text: I really like this product Score: 4>
  ~Comment: <ClientName: Rafa Nadal Text: Very good product Score: 4>

SoldProduct: Id: 7 Name: Lamp Stock level: 4 Min Quantity: 2 Price: 17.0 HomePart: livingroom NumberOfLikes: 1
  ~Comment: <ClientName: Carolina Marin Text: I really like this product Score: 4>

SoldProduct: Id: 9 Name: Towel Stock level: 9 Min Quantity: 5 Price: 9.0 HomePart: bathroom NumberOfLikes: 1
  ~Comment: <ClientName: Ana Peleteiro Text: I really like this product Score: 4>

SoldProduct: Id: 19 Name: Coffee Stock level: 149 Min Quantity: 100 Price: 1.0 ExpirationMonth: November

SoldProduct: Id: 20 Name: Milk Stock level: 98 Min Quantity: 50 Price: 0.6 ExpirationMonth: December

MostSoldProduct: Id: 1 Name: Nintendo Switch Stock level: 2 Min Quantity: 2 Price: 300.0 salesNumber: 151
MostCommentedProduct: Id: 1 Name: Nintendo Switch Stock level: 2 Min Quantity: 2 Price: 300.0 commentsNumber: 4

ClientWithMoreOrders: Id: 1 Name: Rafa Nadal Age: 32 City: Manacor OrderNumber: 2
ClientWhoSpentMoreMoney: Id: 1 Name: Rafa Nadal Age: 32 City: Manacor totalQuantityofMoneySpent: 31200.0